<?xml version="1.0" encoding="UTF-8"?>
<testsuite xmlns:xsi="http://www.w3.org/2001/XMLSchema-instance" xsi:noNamespaceSchemaLocation="https://maven.apache.org/surefire/maven-surefire-plugin/xsd/surefire-test-report.xsd" version="3.0.2" name="com.example.myobjectserver.MyObjectServerApplicationTests" time="3.338" tests="1" errors="0" skipped="0" failures="0">
  <properties>
[...]
</properties>
  <testcase name="contextLoads" classname="com.example.myobjectserver.MyObjectServerApplicationTests" time="0.561">
    <system-out><![CDATA[10:18:08.800 [main] INFO org.springframework.test.context.support.AnnotationConfigContextLoaderUtils -- Could not detect default configuration classes for test class [com.example.myobjectserver.MyObjectServerApplicationTests]: MyObjectServerApplicationTests does not declare any static, non-private, non-final, nested classes annotated with @Configuration.
10:18:08.876 [main] INFO org.springframework.boot.test.context.SpringBootTestContextBootstrapper -- Found @SpringBootConfiguration com.example.myobjectserver.MyObjectServerApplication for test class com.example.myobjectserver.MyObjectServerApplicationTests

  .   ____          _            __ _ _
 /\\ / ___'_ __ _ _(_)_ __  __ _ \ \ \ \
( ( )\___ | '_ | '_| | '_ \/ _` | \ \ \ \
 \\/  ___)| |_)| | | | | || (_| |  ) ) ) )
  '  |____| .__|_| |_|_| |_\__, | / / / /
 =========|_|==============|___/=/_/_/_/

 :: Spring Boot ::       (v3.4.1-SNAPSHOT)

2025-05-14T10:18:09.197+08:00  INFO 73516 --- [my-object-server] [           main] c.e.m.MyObjectServerApplicationTests     : Starting MyObjectServerApplicationTests using Java 17.0.12 with PID 73516 (started by KORE in C:\Users\KORE\Desktop\MyObject\MyObject-server)
2025-05-14T10:18:09.198+08:00  INFO 73516 --- [my-object-server] [           main] c.e.m.MyObjectServerApplicationTests     : No active profile set, falling back to 1 default profile: "default"
 _ _   |_  _ _|_. ___ _ |    _ 
| | |\/|_)(_| | |_\  |_)||_|_\ 
     /               |         
                        3.5.9 
2025-05-14T10:18:10.533+08:00  INFO 73516 --- [my-object-server] [           main] r$InitializeUserDetailsManagerConfigurer : Global AuthenticationManager configured with UserDetailsService bean with name usersServiceImpl
2025-05-14T10:18:11.442+08:00  INFO 73516 --- [my-object-server] [           main] c.e.m.MyObjectServerApplicationTests     : Started MyObjectServerApplicationTests in 2.434 seconds (process running for 3.126)
]]></system-out>
  </testcase>
</testsuite>